[ 2015-09-14T14:39:14+08:00 ] ::1 /community2/admin.php?m=Admin&c=Aboutus&a=index
ERR: SQLSTATE[42S02]: Base table or view not found: 1146 La table 'community.center_instruction' n'existe pas

[ 2015-09-14T14:40:49+08:00 ] ::1 /community2/admin.php?m=Admin&c=Aboutus&a=index
ERR: SQLSTATE[42S02]: Base table or view not found: 1146 La table 'community.center_instruction' n'existe pas

[ 2015-09-14T14:40:56+08:00 ] ::1 /community2/admin.php?m=Admin&c=Aboutus&a=index
ERR: SQLSTATE[42S02]: Base table or view not found: 1146 La table 'community.center_instruction' n'existe pas

[ 2015-09-14T14:52:35+08:00 ] ::1 /community2/admin.php?m=Admin&c=Centraldynamics&a=index
ERR: 无法加载控制器:Centraldynamics

[ 2015-09-14T14:53:38+08:00 ] ::1 /community2/admin.php?m=Admin&c=Centraldynamics&a=index
ERR: 无法加载控制器:Centraldynamics

[ 2015-09-14T15:00:27+08:00 ] ::1 /community2/admin.php?m=Admin&c=Cooperator&a=delete&id=24
ERR: SQLSTATE[42S02]: Base table or view not found: 1146 La table 'community.cooperator' n'existe pas

[ 2015-09-14T15:50:56+08:00 ] ::1 /community2/admin.php?m=Admin&c=Images&a=upload
INFO: [ app_begin ] --START--
INFO: Run Behavior\ReadHtmlCacheBehavior [ RunTime:0.000000s ]
INFO: [ app_begin ] --END-- [ RunTime:0.001000s ]
NOTIC: [2] call_user_func() expects parameter 1 to be a valid callback, no array or string given D:\important\wampserver\wamp\www\community2\ThinkPHP\Library\Think\Upload.class.php 第 170 行.

[ 2015-09-14T15:52:58+08:00 ] ::1 /community2/admin.php?m=Admin&c=Images&a=upload
INFO: [ app_begin ] --START--
INFO: Run Behavior\ReadHtmlCacheBehavior [ RunTime:0.001000s ]
INFO: [ app_begin ] --END-- [ RunTime:0.001000s ]
NOTIC: [2] call_user_func() expects parameter 1 to be a valid callback, no array or string given D:\important\wampserver\wamp\www\community2\ThinkPHP\Library\Think\Upload.class.php 第 170 行.

[ 2015-09-14T15:52:59+08:00 ] ::1 /community2/admin.php?m=Admin&c=Images&a=del
INFO: [ app_begin ] --START--
INFO: Run Behavior\ReadHtmlCacheBehavior [ RunTime:0.002000s ]
INFO: [ app_begin ] --END-- [ RunTime:0.002000s ]

[ 2015-09-14T15:53:38+08:00 ] ::1 /community2/admin.php?m=Admin&c=Images&a=upload
INFO: [ app_begin ] --START--
INFO: Run Behavior\ReadHtmlCacheBehavior [ RunTime:0.000000s ]
INFO: [ app_begin ] --END-- [ RunTime:0.001000s ]
NOTIC: [2] call_user_func() expects parameter 1 to be a valid callback, no array or string given D:\important\wampserver\wamp\www\community2\ThinkPHP\Library\Think\Upload.class.php 第 170 行.

[ 2015-09-14T15:54:38+08:00 ] ::1 /community2/admin.php?m=Admin&c=Images&a=upload
INFO: [ app_begin ] --START--
INFO: Run Behavior\ReadHtmlCacheBehavior [ RunTime:0.001000s ]
INFO: [ app_begin ] --END-- [ RunTime:0.001000s ]
NOTIC: [2] call_user_func() expects parameter 1 to be a valid callback, no array or string given D:\important\wampserver\wamp\www\community2\ThinkPHP\Library\Think\Upload.class.php 第 170 行.

