[ 2015-10-26T13:45:51+08:00 ] 101.81.12.32 /admin.php?m=Admin&c=Images&a=upload
INFO: [ app_begin ] --START--
INFO: Run Behavior\ReadHtmlCacheBehavior [ RunTime:0.000640s ]
INFO: [ app_begin ] --END-- [ RunTime:0.001136s ]
NOTIC: [2] call_user_func() expects parameter 1 to be a valid callback, no array or string given C:\wamp\www\community\ThinkPHP\Library\Think\Upload.class.php 第 170 行.

[ 2015-10-26T13:50:17+08:00 ] 101.81.12.32 /admin.php?m=Admin&c=Images&a=upload
INFO: [ app_begin ] --START--
INFO: Run Behavior\ReadHtmlCacheBehavior [ RunTime:0.000621s ]
INFO: [ app_begin ] --END-- [ RunTime:0.001119s ]
NOTIC: [2] call_user_func() expects parameter 1 to be a valid callback, no array or string given C:\wamp\www\community\ThinkPHP\Library\Think\Upload.class.php 第 170 行.

[ 2015-10-26T13:51:23+08:00 ] 101.81.12.32 /admin.php?m=Admin&c=Images&a=upload
INFO: [ app_begin ] --START--
INFO: Run Behavior\ReadHtmlCacheBehavior [ RunTime:0.000885s ]
INFO: [ app_begin ] --END-- [ RunTime:0.001468s ]
NOTIC: [2] call_user_func() expects parameter 1 to be a valid callback, no array or string given C:\wamp\www\community\ThinkPHP\Library\Think\Upload.class.php 第 170 行.

[ 2015-10-26T14:22:31+08:00 ] 101.81.12.32 /admin.php?m=Admin&c=Images&a=upload
INFO: [ app_begin ] --START--
INFO: Run Behavior\ReadHtmlCacheBehavior [ RunTime:0.000864s ]
INFO: [ app_begin ] --END-- [ RunTime:0.001462s ]
NOTIC: [2] call_user_func() expects parameter 1 to be a valid callback, no array or string given C:\wamp\www\community\ThinkPHP\Library\Think\Upload.class.php 第 170 行.

[ 2015-10-26T14:24:08+08:00 ] 101.81.12.32 /admin.php?m=Admin&c=Images&a=upload
INFO: [ app_begin ] --START--
INFO: Run Behavior\ReadHtmlCacheBehavior [ RunTime:0.000947s ]
INFO: [ app_begin ] --END-- [ RunTime:0.001547s ]
NOTIC: [2] call_user_func() expects parameter 1 to be a valid callback, no array or string given C:\wamp\www\community\ThinkPHP\Library\Think\Upload.class.php 第 170 行.

[ 2015-10-26T14:40:56+08:00 ] 101.81.12.32 /admin.php?m=Admin&c=Images&a=upload
INFO: [ app_begin ] --START--
INFO: Run Behavior\ReadHtmlCacheBehavior [ RunTime:0.000900s ]
INFO: [ app_begin ] --END-- [ RunTime:0.001437s ]

[ 2015-10-26T14:58:10+08:00 ] 101.81.12.32 /admin.php?m=Admin&c=Images&a=upload
INFO: [ app_begin ] --START--
INFO: Run Behavior\ReadHtmlCacheBehavior [ RunTime:0.000812s ]
INFO: [ app_begin ] --END-- [ RunTime:0.001561s ]

[ 2015-10-26T14:58:43+08:00 ] 101.81.12.32 /admin.php?m=Admin&c=Images&a=upload
INFO: [ app_begin ] --START--
INFO: Run Behavior\ReadHtmlCacheBehavior [ RunTime:0.000894s ]
INFO: [ app_begin ] --END-- [ RunTime:0.001449s ]
NOTIC: [2] call_user_func() expects parameter 1 to be a valid callback, no array or string given C:\wamp\www\community\ThinkPHP\Library\Think\Upload.class.php 第 170 行.

[ 2015-10-26T15:01:12+08:00 ] 101.81.12.32 /admin.php?m=Admin&c=Images&a=upload
INFO: [ app_begin ] --START--
INFO: Run Behavior\ReadHtmlCacheBehavior [ RunTime:0.001035s ]
INFO: [ app_begin ] --END-- [ RunTime:0.001619s ]
NOTIC: [2] call_user_func() expects parameter 1 to be a valid callback, no array or string given C:\wamp\www\community\ThinkPHP\Library\Think\Upload.class.php 第 170 行.

[ 2015-10-26T15:07:42+08:00 ] 101.81.12.32 /admin.php?m=Admin&c=Images&a=upload
INFO: [ app_begin ] --START--
INFO: Run Behavior\ReadHtmlCacheBehavior [ RunTime:0.000871s ]
INFO: [ app_begin ] --END-- [ RunTime:0.001413s ]
NOTIC: [2] call_user_func() expects parameter 1 to be a valid callback, no array or string given C:\wamp\www\community\ThinkPHP\Library\Think\Upload.class.php 第 170 行.

[ 2015-10-26T15:09:03+08:00 ] 101.81.12.32 /admin.php?m=Admin&c=Images&a=upload
INFO: [ app_begin ] --START--
INFO: Run Behavior\ReadHtmlCacheBehavior [ RunTime:0.000906s ]
INFO: [ app_begin ] --END-- [ RunTime:0.001457s ]

[ 2015-10-26T15:10:01+08:00 ] 101.81.12.32 /admin.php?m=Admin&c=Images&a=upload
INFO: [ app_begin ] --START--
INFO: Run Behavior\ReadHtmlCacheBehavior [ RunTime:0.000636s ]
INFO: [ app_begin ] --END-- [ RunTime:0.001138s ]
NOTIC: [2] call_user_func() expects parameter 1 to be a valid callback, no array or string given C:\wamp\www\community\ThinkPHP\Library\Think\Upload.class.php 第 170 行.

[ 2015-10-26T15:24:56+08:00 ] 101.81.12.32 /admin.php?m=Admin&c=Images&a=upload
INFO: [ app_begin ] --START--
INFO: Run Behavior\ReadHtmlCacheBehavior [ RunTime:0.000638s ]
INFO: [ app_begin ] --END-- [ RunTime:0.001134s ]
NOTIC: [2] call_user_func() expects parameter 1 to be a valid callback, no array or string given C:\wamp\www\community\ThinkPHP\Library\Think\Upload.class.php 第 170 行.

[ 2015-10-26T15:27:04+08:00 ] 101.81.12.32 /admin.php?m=Admin&c=Images&a=upload
INFO: [ app_begin ] --START--
INFO: Run Behavior\ReadHtmlCacheBehavior [ RunTime:0.000866s ]
INFO: [ app_begin ] --END-- [ RunTime:0.001419s ]
NOTIC: [2] call_user_func() expects parameter 1 to be a valid callback, no array or string given C:\wamp\www\community\ThinkPHP\Library\Think\Upload.class.php 第 170 行.

[ 2015-10-26T15:28:17+08:00 ] 101.81.12.32 /admin.php?m=Admin&c=Images&a=upload
INFO: [ app_begin ] --START--
INFO: Run Behavior\ReadHtmlCacheBehavior [ RunTime:0.000642s ]
INFO: [ app_begin ] --END-- [ RunTime:0.001140s ]

