[ 2015-10-08T11:49:48+08:00 ] ::1 /admin.php?m=Admin&c=Images&a=upload
INFO: [ app_begin ] --START--
INFO: Run Behavior\ReadHtmlCacheBehavior [ RunTime:0.011905s ]
INFO: [ app_begin ] --END-- [ RunTime:0.012462s ]
NOTIC: [2] call_user_func() expects parameter 1 to be a valid callback, no array or string given C:\wamp\www\community\ThinkPHP\Library\Think\Upload.class.php 第 170 行.

[ 2015-10-08T11:50:15+08:00 ] ::1 /admin.php?m=Admin&c=Images&a=upload
INFO: [ app_begin ] --START--
INFO: Run Behavior\ReadHtmlCacheBehavior [ RunTime:0.001876s ]
INFO: [ app_begin ] --END-- [ RunTime:0.003045s ]
NOTIC: [2] call_user_func() expects parameter 1 to be a valid callback, no array or string given C:\wamp\www\community\ThinkPHP\Library\Think\Upload.class.php 第 170 行.

[ 2015-10-08T12:08:11+08:00 ] ::1 /admin.php?m=Admin&c=Images&a=upload
INFO: [ app_begin ] --START--
INFO: Run Behavior\ReadHtmlCacheBehavior [ RunTime:0.001765s ]
INFO: [ app_begin ] --END-- [ RunTime:0.002929s ]
NOTIC: [2] call_user_func() expects parameter 1 to be a valid callback, no array or string given C:\wamp\www\community\ThinkPHP\Library\Think\Upload.class.php 第 170 行.

[ 2015-10-08T12:08:34+08:00 ] ::1 /admin.php?m=Admin&c=Images&a=upload
INFO: [ app_begin ] --START--
INFO: Run Behavior\ReadHtmlCacheBehavior [ RunTime:0.001247s ]
INFO: [ app_begin ] --END-- [ RunTime:0.002289s ]
NOTIC: [2] call_user_func() expects parameter 1 to be a valid callback, no array or string given C:\wamp\www\community\ThinkPHP\Library\Think\Upload.class.php 第 170 行.

[ 2015-10-08T12:08:54+08:00 ] ::1 /admin.php?m=Admin&c=Images&a=upload
INFO: [ app_begin ] --START--
INFO: Run Behavior\ReadHtmlCacheBehavior [ RunTime:0.002085s ]
INFO: [ app_begin ] --END-- [ RunTime:0.003661s ]
NOTIC: [2] call_user_func() expects parameter 1 to be a valid callback, no array or string given C:\wamp\www\community\ThinkPHP\Library\Think\Upload.class.php 第 170 行.

[ 2015-10-08T12:09:14+08:00 ] ::1 /admin.php?m=Admin&c=Images&a=upload
INFO: [ app_begin ] --START--
INFO: Run Behavior\ReadHtmlCacheBehavior [ RunTime:0.001471s ]
INFO: [ app_begin ] --END-- [ RunTime:0.002559s ]
NOTIC: [2] call_user_func() expects parameter 1 to be a valid callback, no array or string given C:\wamp\www\community\ThinkPHP\Library\Think\Upload.class.php 第 170 行.

[ 2015-10-08T12:09:37+08:00 ] ::1 /admin.php?m=Admin&c=Images&a=upload
INFO: [ app_begin ] --START--
INFO: Run Behavior\ReadHtmlCacheBehavior [ RunTime:0.001612s ]
INFO: [ app_begin ] --END-- [ RunTime:0.002797s ]
NOTIC: [2] call_user_func() expects parameter 1 to be a valid callback, no array or string given C:\wamp\www\community\ThinkPHP\Library\Think\Upload.class.php 第 170 行.

[ 2015-10-08T12:09:59+08:00 ] ::1 /admin.php?m=Admin&c=Images&a=upload
INFO: [ app_begin ] --START--
INFO: Run Behavior\ReadHtmlCacheBehavior [ RunTime:0.002036s ]
INFO: [ app_begin ] --END-- [ RunTime:0.003586s ]
NOTIC: [2] call_user_func() expects parameter 1 to be a valid callback, no array or string given C:\wamp\www\community\ThinkPHP\Library\Think\Upload.class.php 第 170 行.

[ 2015-10-08T12:10:22+08:00 ] ::1 /admin.php?m=Admin&c=Images&a=upload
INFO: [ app_begin ] --START--
INFO: Run Behavior\ReadHtmlCacheBehavior [ RunTime:0.002288s ]
INFO: [ app_begin ] --END-- [ RunTime:0.004789s ]
NOTIC: [2] call_user_func() expects parameter 1 to be a valid callback, no array or string given C:\wamp\www\community\ThinkPHP\Library\Think\Upload.class.php 第 170 行.

[ 2015-10-08T12:10:40+08:00 ] ::1 /admin.php?m=Admin&c=Images&a=upload
INFO: [ app_begin ] --START--
INFO: Run Behavior\ReadHtmlCacheBehavior [ RunTime:0.001500s ]
INFO: [ app_begin ] --END-- [ RunTime:0.002554s ]
NOTIC: [2] call_user_func() expects parameter 1 to be a valid callback, no array or string given C:\wamp\www\community\ThinkPHP\Library\Think\Upload.class.php 第 170 行.

[ 2015-10-08T12:11:01+08:00 ] ::1 /admin.php?m=Admin&c=Images&a=upload
INFO: [ app_begin ] --START--
INFO: Run Behavior\ReadHtmlCacheBehavior [ RunTime:0.002644s ]
INFO: [ app_begin ] --END-- [ RunTime:0.004066s ]
NOTIC: [2] call_user_func() expects parameter 1 to be a valid callback, no array or string given C:\wamp\www\community\ThinkPHP\Library\Think\Upload.class.php 第 170 行.

[ 2015-10-08T12:11:18+08:00 ] ::1 /admin.php?m=Admin&c=Images&a=upload
INFO: [ app_begin ] --START--
INFO: Run Behavior\ReadHtmlCacheBehavior [ RunTime:0.001644s ]
INFO: [ app_begin ] --END-- [ RunTime:0.002998s ]
NOTIC: [2] call_user_func() expects parameter 1 to be a valid callback, no array or string given C:\wamp\www\community\ThinkPHP\Library\Think\Upload.class.php 第 170 行.

[ 2015-10-08T12:11:37+08:00 ] ::1 /admin.php?m=Admin&c=Images&a=upload
INFO: [ app_begin ] --START--
INFO: Run Behavior\ReadHtmlCacheBehavior [ RunTime:0.002028s ]
INFO: [ app_begin ] --END-- [ RunTime:0.003075s ]
NOTIC: [2] call_user_func() expects parameter 1 to be a valid callback, no array or string given C:\wamp\www\community\ThinkPHP\Library\Think\Upload.class.php 第 170 行.

[ 2015-10-08T12:11:53+08:00 ] ::1 /admin.php?m=Admin&c=Images&a=upload
INFO: [ app_begin ] --START--
INFO: Run Behavior\ReadHtmlCacheBehavior [ RunTime:0.001579s ]
INFO: [ app_begin ] --END-- [ RunTime:0.002675s ]
NOTIC: [2] call_user_func() expects parameter 1 to be a valid callback, no array or string given C:\wamp\www\community\ThinkPHP\Library\Think\Upload.class.php 第 170 行.

[ 2015-10-08T12:12:15+08:00 ] ::1 /admin.php?m=Admin&c=Images&a=upload
INFO: [ app_begin ] --START--
INFO: Run Behavior\ReadHtmlCacheBehavior [ RunTime:0.001649s ]
INFO: [ app_begin ] --END-- [ RunTime:0.003174s ]
NOTIC: [2] call_user_func() expects parameter 1 to be a valid callback, no array or string given C:\wamp\www\community\ThinkPHP\Library\Think\Upload.class.php 第 170 行.

[ 2015-10-08T12:12:34+08:00 ] ::1 /admin.php?m=Admin&c=Images&a=upload
INFO: [ app_begin ] --START--
INFO: Run Behavior\ReadHtmlCacheBehavior [ RunTime:0.001514s ]
INFO: [ app_begin ] --END-- [ RunTime:0.002657s ]
NOTIC: [2] call_user_func() expects parameter 1 to be a valid callback, no array or string given C:\wamp\www\community\ThinkPHP\Library\Think\Upload.class.php 第 170 行.

[ 2015-10-08T12:12:48+08:00 ] ::1 /admin.php?m=Admin&c=Images&a=upload
INFO: [ app_begin ] --START--
INFO: Run Behavior\ReadHtmlCacheBehavior [ RunTime:0.001590s ]
INFO: [ app_begin ] --END-- [ RunTime:0.002750s ]
NOTIC: [2] call_user_func() expects parameter 1 to be a valid callback, no array or string given C:\wamp\www\community\ThinkPHP\Library\Think\Upload.class.php 第 170 行.

[ 2015-10-08T12:14:06+08:00 ] ::1 /admin.php?m=Admin&c=Images&a=upload
INFO: [ app_begin ] --START--
INFO: Run Behavior\ReadHtmlCacheBehavior [ RunTime:0.001874s ]
INFO: [ app_begin ] --END-- [ RunTime:0.002941s ]
NOTIC: [2] call_user_func() expects parameter 1 to be a valid callback, no array or string given C:\wamp\www\community\ThinkPHP\Library\Think\Upload.class.php 第 170 行.

[ 2015-10-08T12:14:39+08:00 ] ::1 /admin.php?m=Admin&c=Images&a=upload
INFO: [ app_begin ] --START--
INFO: Run Behavior\ReadHtmlCacheBehavior [ RunTime:0.001555s ]
INFO: [ app_begin ] --END-- [ RunTime:0.002813s ]
NOTIC: [2] call_user_func() expects parameter 1 to be a valid callback, no array or string given C:\wamp\www\community\ThinkPHP\Library\Think\Upload.class.php 第 170 行.

[ 2015-10-08T12:15:13+08:00 ] ::1 /admin.php?m=Admin&c=Images&a=upload
INFO: [ app_begin ] --START--
INFO: Run Behavior\ReadHtmlCacheBehavior [ RunTime:0.001568s ]
INFO: [ app_begin ] --END-- [ RunTime:0.002771s ]
NOTIC: [2] call_user_func() expects parameter 1 to be a valid callback, no array or string given C:\wamp\www\community\ThinkPHP\Library\Think\Upload.class.php 第 170 行.

[ 2015-10-08T12:16:23+08:00 ] ::1 /admin.php?m=Admin&c=Images&a=upload
INFO: [ app_begin ] --START--
INFO: Run Behavior\ReadHtmlCacheBehavior [ RunTime:0.001228s ]
INFO: [ app_begin ] --END-- [ RunTime:0.002920s ]
NOTIC: [2] call_user_func() expects parameter 1 to be a valid callback, no array or string given C:\wamp\www\community\ThinkPHP\Library\Think\Upload.class.php 第 170 行.

[ 2015-10-08T12:16:46+08:00 ] ::1 /admin.php?m=Admin&c=Images&a=upload
INFO: [ app_begin ] --START--
INFO: Run Behavior\ReadHtmlCacheBehavior [ RunTime:0.001142s ]
INFO: [ app_begin ] --END-- [ RunTime:0.002193s ]
NOTIC: [2] call_user_func() expects parameter 1 to be a valid callback, no array or string given C:\wamp\www\community\ThinkPHP\Library\Think\Upload.class.php 第 170 行.

[ 2015-10-08T12:17:35+08:00 ] ::1 /admin.php?m=Admin&c=Images&a=upload
INFO: [ app_begin ] --START--
INFO: Run Behavior\ReadHtmlCacheBehavior [ RunTime:0.002200s ]
INFO: [ app_begin ] --END-- [ RunTime:0.003657s ]
NOTIC: [2] call_user_func() expects parameter 1 to be a valid callback, no array or string given C:\wamp\www\community\ThinkPHP\Library\Think\Upload.class.php 第 170 行.

[ 2015-10-08T12:17:57+08:00 ] ::1 /admin.php?m=Admin&c=Images&a=upload
INFO: [ app_begin ] --START--
INFO: Run Behavior\ReadHtmlCacheBehavior [ RunTime:0.002500s ]
INFO: [ app_begin ] --END-- [ RunTime:0.004056s ]
NOTIC: [2] call_user_func() expects parameter 1 to be a valid callback, no array or string given C:\wamp\www\community\ThinkPHP\Library\Think\Upload.class.php 第 170 行.

[ 2015-10-08T12:18:15+08:00 ] ::1 /admin.php?m=Admin&c=Images&a=upload
INFO: [ app_begin ] --START--
INFO: Run Behavior\ReadHtmlCacheBehavior [ RunTime:0.001452s ]
INFO: [ app_begin ] --END-- [ RunTime:0.002524s ]
NOTIC: [2] call_user_func() expects parameter 1 to be a valid callback, no array or string given C:\wamp\www\community\ThinkPHP\Library\Think\Upload.class.php 第 170 行.

[ 2015-10-08T12:21:16+08:00 ] 202.120.189.135 /admin.php?m=Admin&c=Images&a=upload
INFO: [ app_begin ] --START--
INFO: Run Behavior\ReadHtmlCacheBehavior [ RunTime:0.001386s ]
INFO: [ app_begin ] --END-- [ RunTime:0.002553s ]
NOTIC: [2] call_user_func() expects parameter 1 to be a valid callback, no array or string given C:\wamp\www\community\ThinkPHP\Library\Think\Upload.class.php 第 170 行.

[ 2015-10-08T15:16:57+08:00 ] 222.66.175.155 /admin.php?m=Admin&c=Publicmap&a=index
ERR: 无法加载控制器:Publicmap

[ 2015-10-08T15:17:01+08:00 ] 222.66.175.155 /admin.php?m=Admin&c=Publicmap&a=index
ERR: 无法加载控制器:Publicmap

[ 2015-10-08T15:17:28+08:00 ] 222.66.175.155 /admin.php?m=Admin&c=Publicmap&a=index
ERR: 无法加载控制器:Publicmap

[ 2015-10-08T15:17:48+08:00 ] 222.66.175.155 /admin.php?m=Admin&c=Publicmap&a=index
ERR: 无法加载控制器:Publicmap

[ 2015-10-08T15:21:41+08:00 ] 222.66.175.155 /admin.php?m=Admin&c=Publicmap&a=index
ERR: 无法加载控制器:Publicmap

[ 2015-10-08T15:31:09+08:00 ] 202.120.189.135 /admin.php?m=Admin&c=Images&a=upload
INFO: [ app_begin ] --START--
INFO: Run Behavior\ReadHtmlCacheBehavior [ RunTime:0.000626s ]
INFO: [ app_begin ] --END-- [ RunTime:0.001161s ]
NOTIC: [2] call_user_func() expects parameter 1 to be a valid callback, no array or string given C:\wamp\www\community\ThinkPHP\Library\Think\Upload.class.php 第 170 行.

[ 2015-10-08T17:01:36+08:00 ] 222.66.175.155 /admin.php?m=Admin&c=Publicmap&a=index
ERR: 无法加载控制器:Publicmap

[ 2015-10-08T17:01:41+08:00 ] 222.66.175.155 /admin.php?m=Admin&c=Publicmap&a=index
ERR: 无法加载控制器:Publicmap

