[ 2015-11-08T14:49:45+08:00 ] 127.0.0.1 /community/index.php?m=&c=PublicMap&a=getPoint
INFO: [ app_begin ] --START--
INFO: Run Behavior\ReadHtmlCacheBehavior [ RunTime:0.000000s ]
INFO: [ app_begin ] --END-- [ RunTime:0.001000s ]
SQL: SELECT * FROM `publicmap` WHERE ( id=9 )  [ RunTime:0.0790s ]
INFO: [ app_end ] --START--
INFO: Run Behavior\ShowPageTraceBehavior [ RunTime:0.001000s ]
INFO: [ app_end ] --END-- [ RunTime:0.001000s ]

[ 2015-11-08T15:01:17+08:00 ] 127.0.0.1 /community/index.php?m=&c=PublicMap&a=getPoint
INFO: [ app_begin ] --START--
INFO: Run Behavior\ReadHtmlCacheBehavior [ RunTime:0.002000s ]
INFO: [ app_begin ] --END-- [ RunTime:0.003000s ]
SQL: SELECT * FROM `publicmap` WHERE ( id=9 )  [ RunTime:0.0010s ]
INFO: [ app_end ] --START--
INFO: Run Behavior\ShowPageTraceBehavior [ RunTime:0.002000s ]
INFO: [ app_end ] --END-- [ RunTime:0.002000s ]

[ 2015-11-08T15:03:10+08:00 ] 127.0.0.1 /community/index.php?m=&c=PublicMap&a=getPoint
INFO: [ app_begin ] --START--
INFO: Run Behavior\ReadHtmlCacheBehavior [ RunTime:0.002000s ]
INFO: [ app_begin ] --END-- [ RunTime:0.003000s ]
SQL: SELECT * FROM `publicmap` WHERE ( id=9 )  [ RunTime:0.0010s ]
INFO: [ app_end ] --START--
INFO: Run Behavior\ShowPageTraceBehavior [ RunTime:0.002001s ]
INFO: [ app_end ] --END-- [ RunTime:0.002001s ]

[ 2015-11-08T15:03:47+08:00 ] 127.0.0.1 /community/index.php?m=&c=PublicMap&a=getPoint
INFO: [ app_begin ] --START--
INFO: Run Behavior\ReadHtmlCacheBehavior [ RunTime:0.002000s ]
INFO: [ app_begin ] --END-- [ RunTime:0.003001s ]
SQL: SELECT * FROM `publicmap` WHERE ( id=9 )  [ RunTime:0.0000s ]
INFO: [ app_end ] --START--
INFO: Run Behavior\ShowPageTraceBehavior [ RunTime:0.001000s ]
INFO: [ app_end ] --END-- [ RunTime:0.002000s ]

[ 2015-11-08T15:04:58+08:00 ] 127.0.0.1 /community/index.php?m=&c=PublicMap&a=getPoint
INFO: [ app_begin ] --START--
INFO: Run Behavior\ReadHtmlCacheBehavior [ RunTime:0.001000s ]
INFO: [ app_begin ] --END-- [ RunTime:0.002000s ]
SQL: SELECT * FROM `publicmap` WHERE ( id=9 )  [ RunTime:0.0010s ]
INFO: [ app_end ] --START--
INFO: Run Behavior\ShowPageTraceBehavior [ RunTime:0.002000s ]
INFO: [ app_end ] --END-- [ RunTime:0.002000s ]

[ 2015-11-08T15:05:51+08:00 ] 127.0.0.1 /community/index.php?m=&c=PublicMap&a=getPoint
INFO: [ app_begin ] --START--
INFO: Run Behavior\ReadHtmlCacheBehavior [ RunTime:0.001000s ]
INFO: [ app_begin ] --END-- [ RunTime:0.003001s ]
SQL: SELECT * FROM `publicmap` WHERE ( id=9 )  [ RunTime:0.0010s ]
INFO: [ app_end ] --START--
INFO: Run Behavior\ShowPageTraceBehavior [ RunTime:0.002000s ]
INFO: [ app_end ] --END-- [ RunTime:0.002000s ]

[ 2015-11-08T15:05:56+08:00 ] 127.0.0.1 /community/index.php?m=&c=PublicMap&a=getPoint
INFO: [ app_begin ] --START--
INFO: Run Behavior\ReadHtmlCacheBehavior [ RunTime:0.001000s ]
INFO: [ app_begin ] --END-- [ RunTime:0.001000s ]
SQL: SELECT * FROM `publicmap` WHERE ( id=9 )  [ RunTime:0.0000s ]
INFO: [ app_end ] --START--
INFO: Run Behavior\ShowPageTraceBehavior [ RunTime:0.001000s ]
INFO: [ app_end ] --END-- [ RunTime:0.001000s ]

[ 2015-11-08T15:08:06+08:00 ] 127.0.0.1 /community/index.php?m=&c=PublicMap&a=getPoint
INFO: [ app_begin ] --START--
INFO: Run Behavior\ReadHtmlCacheBehavior [ RunTime:0.002000s ]
INFO: [ app_begin ] --END-- [ RunTime:0.002000s ]
SQL: SELECT * FROM `publicmap` WHERE ( id=9 )  [ RunTime:0.0010s ]
INFO: [ app_end ] --START--
INFO: Run Behavior\ShowPageTraceBehavior [ RunTime:0.001000s ]
INFO: [ app_end ] --END-- [ RunTime:0.001000s ]

[ 2015-11-08T15:08:49+08:00 ] 127.0.0.1 /community/index.php?m=&c=PublicMap&a=getPoint
INFO: [ app_begin ] --START--
INFO: Run Behavior\ReadHtmlCacheBehavior [ RunTime:0.001000s ]
INFO: [ app_begin ] --END-- [ RunTime:0.002000s ]
SQL: SELECT * FROM `publicmap` WHERE ( id=9 )  [ RunTime:0.0010s ]
INFO: [ app_end ] --START--
INFO: Run Behavior\ShowPageTraceBehavior [ RunTime:0.001000s ]
INFO: [ app_end ] --END-- [ RunTime:0.001000s ]

[ 2015-11-08T15:10:46+08:00 ] 127.0.0.1 /community/index.php?m=&c=PublicMap&a=getPoint
INFO: [ app_begin ] --START--
INFO: Run Behavior\ReadHtmlCacheBehavior [ RunTime:0.002000s ]
INFO: [ app_begin ] --END-- [ RunTime:0.003000s ]
SQL: SELECT * FROM `publicmap` WHERE ( id=9 )  [ RunTime:0.0010s ]
INFO: [ app_end ] --START--
INFO: Run Behavior\ShowPageTraceBehavior [ RunTime:0.002000s ]
INFO: [ app_end ] --END-- [ RunTime:0.002000s ]

[ 2015-11-08T15:12:13+08:00 ] 127.0.0.1 /community/index.php?m=&c=PublicMap&a=getPoint
INFO: [ app_begin ] --START--
INFO: Run Behavior\ReadHtmlCacheBehavior [ RunTime:0.001000s ]
INFO: [ app_begin ] --END-- [ RunTime:0.002000s ]
SQL: SELECT * FROM `publicmap` WHERE ( id=9 )  [ RunTime:0.0010s ]
INFO: [ app_end ] --START--
INFO: Run Behavior\ShowPageTraceBehavior [ RunTime:0.001000s ]
INFO: [ app_end ] --END-- [ RunTime:0.002000s ]

[ 2015-11-08T15:13:03+08:00 ] 127.0.0.1 /community/index.php?m=&c=PublicMap&a=getPoint
INFO: [ app_begin ] --START--
INFO: Run Behavior\ReadHtmlCacheBehavior [ RunTime:0.001001s ]
INFO: [ app_begin ] --END-- [ RunTime:0.002001s ]
SQL: SELECT * FROM `publicmap` WHERE ( id=9 )  [ RunTime:0.0000s ]
INFO: [ app_end ] --START--
INFO: Run Behavior\ShowPageTraceBehavior [ RunTime:0.002000s ]
INFO: [ app_end ] --END-- [ RunTime:0.002000s ]

[ 2015-11-08T15:14:31+08:00 ] 127.0.0.1 /community/index.php?m=&c=PublicMap&a=getPoint
INFO: [ app_begin ] --START--
INFO: Run Behavior\ReadHtmlCacheBehavior [ RunTime:0.002000s ]
INFO: [ app_begin ] --END-- [ RunTime:0.002000s ]
SQL: SELECT * FROM `publicmap` WHERE ( id=9 )  [ RunTime:0.0010s ]
INFO: [ app_end ] --START--
INFO: Run Behavior\ShowPageTraceBehavior [ RunTime:0.001000s ]
INFO: [ app_end ] --END-- [ RunTime:0.002000s ]

[ 2015-11-08T15:15:09+08:00 ] 127.0.0.1 /community/index.php?m=&c=PublicMap&a=getPoint
INFO: [ app_begin ] --START--
INFO: Run Behavior\ReadHtmlCacheBehavior [ RunTime:0.003000s ]
INFO: [ app_begin ] --END-- [ RunTime:0.004000s ]
SQL: SELECT * FROM `publicmap` WHERE ( id=9 )  [ RunTime:0.0010s ]
INFO: [ app_end ] --START--
INFO: Run Behavior\ShowPageTraceBehavior [ RunTime:0.001000s ]
INFO: [ app_end ] --END-- [ RunTime:0.002000s ]

[ 2015-11-08T15:16:48+08:00 ] 127.0.0.1 /community/index.php?m=&c=PublicMap&a=getPoint
INFO: [ app_begin ] --START--
INFO: Run Behavior\ReadHtmlCacheBehavior [ RunTime:0.001000s ]
INFO: [ app_begin ] --END-- [ RunTime:0.002000s ]
SQL: SELECT * FROM `publicmap` WHERE ( id=9 )  [ RunTime:0.0010s ]
INFO: [ app_end ] --START--
INFO: Run Behavior\ShowPageTraceBehavior [ RunTime:0.002001s ]
INFO: [ app_end ] --END-- [ RunTime:0.002001s ]

[ 2015-11-08T15:17:24+08:00 ] 127.0.0.1 /community/index.php?m=&c=PublicMap&a=getPoint
INFO: [ app_begin ] --START--
INFO: Run Behavior\ReadHtmlCacheBehavior [ RunTime:0.001000s ]
INFO: [ app_begin ] --END-- [ RunTime:0.001000s ]
SQL: SELECT * FROM `publicmap` WHERE ( id=9 )  [ RunTime:0.0010s ]
INFO: [ app_end ] --START--
INFO: Run Behavior\ShowPageTraceBehavior [ RunTime:0.001000s ]
INFO: [ app_end ] --END-- [ RunTime:0.002000s ]

[ 2015-11-08T15:17:45+08:00 ] 127.0.0.1 /community/index.php?m=&c=PublicMap&a=getPoint
INFO: [ app_begin ] --START--
INFO: Run Behavior\ReadHtmlCacheBehavior [ RunTime:0.001000s ]
INFO: [ app_begin ] --END-- [ RunTime:0.002000s ]
SQL: SELECT * FROM `publicmap` WHERE ( id=9 )  [ RunTime:0.0000s ]
INFO: [ app_end ] --START--
INFO: Run Behavior\ShowPageTraceBehavior [ RunTime:0.001000s ]
INFO: [ app_end ] --END-- [ RunTime:0.002000s ]

[ 2015-11-08T15:19:27+08:00 ] 127.0.0.1 /community/index.php?m=&c=PublicMap&a=getPoint
INFO: [ app_begin ] --START--
INFO: Run Behavior\ReadHtmlCacheBehavior [ RunTime:0.002000s ]
INFO: [ app_begin ] --END-- [ RunTime:0.003000s ]
SQL: SELECT * FROM `publicmap` WHERE ( id=9 )  [ RunTime:0.0010s ]
INFO: [ app_end ] --START--
INFO: Run Behavior\ShowPageTraceBehavior [ RunTime:0.005000s ]
INFO: [ app_end ] --END-- [ RunTime:0.005000s ]

[ 2015-11-08T15:19:58+08:00 ] 127.0.0.1 /community/index.php?m=&c=PublicMap&a=getPoint
INFO: [ app_begin ] --START--
INFO: Run Behavior\ReadHtmlCacheBehavior [ RunTime:0.001000s ]
INFO: [ app_begin ] --END-- [ RunTime:0.002000s ]
SQL: SELECT * FROM `publicmap` WHERE ( id=9 )  [ RunTime:0.0010s ]
INFO: [ app_end ] --START--
INFO: Run Behavior\ShowPageTraceBehavior [ RunTime:0.002000s ]
INFO: [ app_end ] --END-- [ RunTime:0.002000s ]

[ 2015-11-08T15:20:17+08:00 ] 127.0.0.1 /community/index.php?m=&c=PublicMap&a=getPoint
INFO: [ app_begin ] --START--
INFO: Run Behavior\ReadHtmlCacheBehavior [ RunTime:0.002000s ]
INFO: [ app_begin ] --END-- [ RunTime:0.002000s ]
INFO: [ app_end ] --START--
INFO: Run Behavior\ShowPageTraceBehavior [ RunTime:0.001000s ]
INFO: [ app_end ] --END-- [ RunTime:0.001000s ]

[ 2015-11-08T15:20:20+08:00 ] 127.0.0.1 /community/index.php?m=&c=PublicMap&a=getPoint
INFO: [ app_begin ] --START--
INFO: Run Behavior\ReadHtmlCacheBehavior [ RunTime:0.001000s ]
INFO: [ app_begin ] --END-- [ RunTime:0.002000s ]
INFO: [ app_end ] --START--
INFO: Run Behavior\ShowPageTraceBehavior [ RunTime:0.001000s ]
INFO: [ app_end ] --END-- [ RunTime:0.002000s ]

[ 2015-11-08T15:20:42+08:00 ] 127.0.0.1 /community/index.php?m=&c=PublicMap&a=getPoint
INFO: [ app_begin ] --START--
INFO: Run Behavior\ReadHtmlCacheBehavior [ RunTime:0.001000s ]
INFO: [ app_begin ] --END-- [ RunTime:0.001000s ]
INFO: [ app_end ] --START--
INFO: Run Behavior\ShowPageTraceBehavior [ RunTime:0.001000s ]
INFO: [ app_end ] --END-- [ RunTime:0.001000s ]

[ 2015-11-08T15:20:43+08:00 ] 127.0.0.1 /community/index.php?m=&c=PublicMap&a=getPoint
INFO: [ app_begin ] --START--
INFO: Run Behavior\ReadHtmlCacheBehavior [ RunTime:0.001000s ]
INFO: [ app_begin ] --END-- [ RunTime:0.002001s ]
INFO: [ app_end ] --START--
INFO: Run Behavior\ShowPageTraceBehavior [ RunTime:0.002000s ]
INFO: [ app_end ] --END-- [ RunTime:0.002000s ]

[ 2015-11-08T15:21:09+08:00 ] 127.0.0.1 /community/index.php?m=&c=PublicMap&a=getPoint
INFO: [ app_begin ] --START--
INFO: Run Behavior\ReadHtmlCacheBehavior [ RunTime:0.001000s ]
INFO: [ app_begin ] --END-- [ RunTime:0.001000s ]
INFO: [ app_end ] --START--
INFO: Run Behavior\ShowPageTraceBehavior [ RunTime:0.001000s ]
INFO: [ app_end ] --END-- [ RunTime:0.001000s ]

[ 2015-11-08T15:21:39+08:00 ] 127.0.0.1 /community/index.php?m=&c=PublicMap&a=getPoint
INFO: [ app_begin ] --START--
INFO: Run Behavior\ReadHtmlCacheBehavior [ RunTime:0.000000s ]
INFO: [ app_begin ] --END-- [ RunTime:0.001000s ]
INFO: [ app_end ] --START--
INFO: Run Behavior\ShowPageTraceBehavior [ RunTime:0.001001s ]
INFO: [ app_end ] --END-- [ RunTime:0.001001s ]

[ 2015-11-08T15:22:00+08:00 ] 127.0.0.1 /community/index.php?m=&c=PublicMap&a=getPoint
INFO: [ app_begin ] --START--
INFO: Run Behavior\ReadHtmlCacheBehavior [ RunTime:0.001000s ]
INFO: [ app_begin ] --END-- [ RunTime:0.002000s ]
INFO: [ app_end ] --START--
INFO: Run Behavior\ShowPageTraceBehavior [ RunTime:0.001000s ]
INFO: [ app_end ] --END-- [ RunTime:0.001000s ]

[ 2015-11-08T15:22:30+08:00 ] 127.0.0.1 /community/index.php?m=&c=PublicMap&a=getPoint
INFO: [ app_begin ] --START--
INFO: Run Behavior\ReadHtmlCacheBehavior [ RunTime:0.001000s ]
INFO: [ app_begin ] --END-- [ RunTime:0.002000s ]
INFO: [ app_end ] --START--
INFO: Run Behavior\ShowPageTraceBehavior [ RunTime:0.001000s ]
INFO: [ app_end ] --END-- [ RunTime:0.001000s ]

[ 2015-11-08T15:24:43+08:00 ] 127.0.0.1 /community/index.php?m=&c=PublicMap&a=getPoint
INFO: [ app_begin ] --START--
INFO: Run Behavior\ReadHtmlCacheBehavior [ RunTime:0.001000s ]
INFO: [ app_begin ] --END-- [ RunTime:0.002000s ]
INFO: [ app_end ] --START--
INFO: Run Behavior\ShowPageTraceBehavior [ RunTime:0.001000s ]
INFO: [ app_end ] --END-- [ RunTime:0.001000s ]

[ 2015-11-08T15:34:38+08:00 ] 127.0.0.1 /community/index.php?m=&c=PublicMap&a=getPoint
INFO: [ app_begin ] --START--
INFO: Run Behavior\ReadHtmlCacheBehavior [ RunTime:0.002000s ]
INFO: [ app_begin ] --END-- [ RunTime:0.003000s ]
ERR: SQLSTATE[42S22]: Column not found: 1054 Unknown column 'coodinate' in 'field list'

[ 2015-11-08T15:35:17+08:00 ] 127.0.0.1 /community/index.php?m=&c=PublicMap&a=getPoint
INFO: [ app_begin ] --START--
INFO: Run Behavior\ReadHtmlCacheBehavior [ RunTime:0.002000s ]
INFO: [ app_begin ] --END-- [ RunTime:0.003000s ]
ERR: SQLSTATE[42S22]: Column not found: 1054 Unknown column 'coodinate' in 'field list'

[ 2015-11-08T15:36:05+08:00 ] 127.0.0.1 /community/index.php?m=&c=PublicMap&a=getPoint
INFO: [ app_begin ] --START--
INFO: Run Behavior\ReadHtmlCacheBehavior [ RunTime:0.006000s ]
INFO: [ app_begin ] --END-- [ RunTime:0.008000s ]
ERR: SQLSTATE[42S22]: Column not found: 1054 Unknown column 'coodinate' in 'field list'

[ 2015-11-08T15:36:43+08:00 ] 127.0.0.1 /community/index.php?m=&c=PublicMap&a=getPoint
INFO: [ app_begin ] --START--
INFO: Run Behavior\ReadHtmlCacheBehavior [ RunTime:0.001000s ]
INFO: [ app_begin ] --END-- [ RunTime:0.002000s ]
ERR: SQLSTATE[42S22]: Column not found: 1054 Unknown column 'coodinate' in 'field list'

[ 2015-11-08T15:38:05+08:00 ] 127.0.0.1 /community/index.php?m=&c=PublicMap&a=getPoint
INFO: [ app_begin ] --START--
INFO: Run Behavior\ReadHtmlCacheBehavior [ RunTime:0.002000s ]
INFO: [ app_begin ] --END-- [ RunTime:0.003000s ]
ERR: SQLSTATE[42S22]: Column not found: 1054 Unknown column 'coodinate' in 'field list'

[ 2015-11-08T15:39:50+08:00 ] 127.0.0.1 /community/index.php?m=&c=PublicMap&a=getPoint
INFO: [ app_begin ] --START--
INFO: Run Behavior\ReadHtmlCacheBehavior [ RunTime:0.002000s ]
INFO: [ app_begin ] --END-- [ RunTime:0.003000s ]
ERR: SQLSTATE[42S22]: Column not found: 1054 Unknown column 'coodinate' in 'field list'

[ 2015-11-08T15:40:14+08:00 ] 127.0.0.1 /community/index.php?m=&c=PublicMap&a=getPoint
INFO: [ app_begin ] --START--
INFO: Run Behavior\ReadHtmlCacheBehavior [ RunTime:0.001000s ]
INFO: [ app_begin ] --END-- [ RunTime:0.002000s ]
ERR: SQLSTATE[42S22]: Column not found: 1054 Unknown column 'coodinate' in 'field list'

[ 2015-11-08T15:40:31+08:00 ] 127.0.0.1 /community/index.php?m=&c=PublicMap&a=getPoint
INFO: [ app_begin ] --START--
INFO: Run Behavior\ReadHtmlCacheBehavior [ RunTime:0.004001s ]
INFO: [ app_begin ] --END-- [ RunTime:0.005001s ]
ERR: SQLSTATE[42S22]: Column not found: 1054 Unknown column 'coodinate' in 'field list'

[ 2015-11-08T15:40:52+08:00 ] 127.0.0.1 /community/index.php?m=&c=PublicMap&a=getPoint
INFO: [ app_begin ] --START--
INFO: Run Behavior\ReadHtmlCacheBehavior [ RunTime:0.002000s ]
INFO: [ app_begin ] --END-- [ RunTime:0.003000s ]
ERR: SQLSTATE[42S22]: Column not found: 1054 Unknown column 'coodinate' in 'field list'

[ 2015-11-08T15:41:19+08:00 ] 127.0.0.1 /community/index.php?m=&c=PublicMap&a=getPoint
INFO: [ app_begin ] --START--
INFO: Run Behavior\ReadHtmlCacheBehavior [ RunTime:0.001000s ]
INFO: [ app_begin ] --END-- [ RunTime:0.002000s ]
NOTIC: [8] Undefined index: id C:\wamp\www\community\Application\Home\Controller\PublicMapController.class.php 第 13 行.
ERR: SQLSTATE[42S22]: Column not found: 1054 Unknown column 'coodinate' in 'field list'

[ 2015-11-08T15:41:45+08:00 ] 127.0.0.1 /community/index.php?m=&c=PublicMap&a=getPoint
INFO: [ app_begin ] --START--
INFO: Run Behavior\ReadHtmlCacheBehavior [ RunTime:0.001000s ]
INFO: [ app_begin ] --END-- [ RunTime:0.002000s ]
INFO: [ app_end ] --START--
INFO: Run Behavior\ShowPageTraceBehavior [ RunTime:0.001000s ]
INFO: [ app_end ] --END-- [ RunTime:0.001000s ]

[ 2015-11-08T15:42:09+08:00 ] 127.0.0.1 /community/index.php?m=&c=PublicMap&a=getPoint
INFO: [ app_begin ] --START--
INFO: Run Behavior\ReadHtmlCacheBehavior [ RunTime:0.001001s ]
INFO: [ app_begin ] --END-- [ RunTime:0.002001s ]
INFO: [ app_end ] --START--
INFO: Run Behavior\ShowPageTraceBehavior [ RunTime:0.002000s ]
INFO: [ app_end ] --END-- [ RunTime:0.003000s ]

[ 2015-11-08T15:42:33+08:00 ] 127.0.0.1 /community/index.php?m=&c=PublicMap&a=getPoint
INFO: [ app_begin ] --START--
INFO: Run Behavior\ReadHtmlCacheBehavior [ RunTime:0.001000s ]
INFO: [ app_begin ] --END-- [ RunTime:0.004000s ]
INFO: [ app_end ] --START--
INFO: Run Behavior\ShowPageTraceBehavior [ RunTime:0.001000s ]
INFO: [ app_end ] --END-- [ RunTime:0.002000s ]

[ 2015-11-08T15:42:58+08:00 ] 127.0.0.1 /community/index.php?m=&c=PublicMap&a=getPoint
INFO: [ app_begin ] --START--
INFO: Run Behavior\ReadHtmlCacheBehavior [ RunTime:0.001000s ]
INFO: [ app_begin ] --END-- [ RunTime:0.002000s ]
INFO: [ app_end ] --START--
INFO: Run Behavior\ShowPageTraceBehavior [ RunTime:0.001000s ]
INFO: [ app_end ] --END-- [ RunTime:0.001000s ]

[ 2015-11-08T15:43:20+08:00 ] 127.0.0.1 /community/index.php?m=&c=PublicMap&a=getPoint
INFO: [ app_begin ] --START--
INFO: Run Behavior\ReadHtmlCacheBehavior [ RunTime:0.002000s ]
INFO: [ app_begin ] --END-- [ RunTime:0.002000s ]
INFO: [ app_end ] --START--
INFO: Run Behavior\ShowPageTraceBehavior [ RunTime:0.001000s ]
INFO: [ app_end ] --END-- [ RunTime:0.002000s ]

[ 2015-11-08T15:44:36+08:00 ] 127.0.0.1 /community/index.php?m=&c=PublicMap&a=getPoint
INFO: [ app_begin ] --START--
INFO: Run Behavior\ReadHtmlCacheBehavior [ RunTime:0.001000s ]
INFO: [ app_begin ] --END-- [ RunTime:0.002000s ]
INFO: [ app_end ] --START--
INFO: Run Behavior\ShowPageTraceBehavior [ RunTime:0.001000s ]
INFO: [ app_end ] --END-- [ RunTime:0.001000s ]

[ 2015-11-08T15:45:03+08:00 ] 127.0.0.1 /community/index.php?m=&c=PublicMap&a=getPoint
INFO: [ app_begin ] --START--
INFO: Run Behavior\ReadHtmlCacheBehavior [ RunTime:0.001000s ]
INFO: [ app_begin ] --END-- [ RunTime:0.002000s ]
INFO: [ app_end ] --START--
INFO: Run Behavior\ShowPageTraceBehavior [ RunTime:0.001000s ]
INFO: [ app_end ] --END-- [ RunTime:0.001000s ]

[ 2015-11-08T15:46:45+08:00 ] 127.0.0.1 /community/index.php?m=&c=PublicMap&a=getPoint
INFO: [ app_begin ] --START--
INFO: Run Behavior\ReadHtmlCacheBehavior [ RunTime:0.001001s ]
INFO: [ app_begin ] --END-- [ RunTime:0.002001s ]
SQL: SELECT * FROM `publicmap` WHERE ( id=9 )  [ RunTime:0.0010s ]
INFO: [ app_end ] --START--
INFO: Run Behavior\ShowPageTraceBehavior [ RunTime:0.002000s ]
INFO: [ app_end ] --END-- [ RunTime:0.002000s ]

[ 2015-11-08T15:47:05+08:00 ] 127.0.0.1 /community/index.php?m=&c=PublicMap&a=getPoint
INFO: [ app_begin ] --START--
INFO: Run Behavior\ReadHtmlCacheBehavior [ RunTime:0.000000s ]
INFO: [ app_begin ] --END-- [ RunTime:0.001000s ]
SQL: SELECT * FROM `publicmap` WHERE ( id=9 )  [ RunTime:0.0000s ]
NOTIC: [8] Array to string conversion C:\wamp\www\community\Application\Home\Controller\PublicMapController.class.php 第 19 行.
INFO: [ app_end ] --START--
INFO: Run Behavior\ShowPageTraceBehavior [ RunTime:0.002000s ]
INFO: [ app_end ] --END-- [ RunTime:0.002000s ]

[ 2015-11-08T15:47:28+08:00 ] 127.0.0.1 /community/index.php?m=&c=PublicMap&a=getPoint
INFO: [ app_begin ] --START--
INFO: Run Behavior\ReadHtmlCacheBehavior [ RunTime:0.001000s ]
INFO: [ app_begin ] --END-- [ RunTime:0.003000s ]
SQL: SELECT * FROM `publicmap` WHERE ( id=9 )  [ RunTime:0.0010s ]
NOTIC: [8] Array to string conversion C:\wamp\www\community\Application\Home\Controller\PublicMapController.class.php 第 19 行.
INFO: [ app_end ] --START--
INFO: Run Behavior\ShowPageTraceBehavior [ RunTime:0.001000s ]
INFO: [ app_end ] --END-- [ RunTime:0.001000s ]

[ 2015-11-08T15:47:35+08:00 ] 127.0.0.1 /community/index.php?m=&c=PublicMap&a=getPoint
INFO: [ app_begin ] --START--
INFO: Run Behavior\ReadHtmlCacheBehavior [ RunTime:0.001000s ]
INFO: [ app_begin ] --END-- [ RunTime:0.001000s ]
SQL: SELECT * FROM `publicmap` WHERE ( id=9 )  [ RunTime:0.0010s ]
NOTIC: [8] Array to string conversion C:\wamp\www\community\Application\Home\Controller\PublicMapController.class.php 第 19 行.
INFO: [ app_end ] --START--
INFO: Run Behavior\ShowPageTraceBehavior [ RunTime:0.001000s ]
INFO: [ app_end ] --END-- [ RunTime:0.001000s ]

[ 2015-11-08T15:48:01+08:00 ] 127.0.0.1 /community/index.php?m=&c=PublicMap&a=getPoint
INFO: [ app_begin ] --START--
INFO: Run Behavior\ReadHtmlCacheBehavior [ RunTime:0.001000s ]
INFO: [ app_begin ] --END-- [ RunTime:0.002001s ]
SQL: SELECT * FROM `publicmap` WHERE ( id=9 )  [ RunTime:0.0010s ]
NOTIC: [8] Array to string conversion C:\wamp\www\community\Application\Home\Controller\PublicMapController.class.php 第 19 行.
INFO: [ app_end ] --START--
INFO: Run Behavior\ShowPageTraceBehavior [ RunTime:0.001000s ]
INFO: [ app_end ] --END-- [ RunTime:0.002000s ]

[ 2015-11-08T15:48:17+08:00 ] 127.0.0.1 /community/index.php?m=&c=PublicMap&a=getPoint
INFO: [ app_begin ] --START--
INFO: Run Behavior\ReadHtmlCacheBehavior [ RunTime:0.000000s ]
INFO: [ app_begin ] --END-- [ RunTime:0.002000s ]
SQL: SELECT * FROM `publicmap` WHERE ( id=9 )  [ RunTime:0.0080s ]
NOTIC: [8] Array to string conversion C:\wamp\www\community\Application\Home\Controller\PublicMapController.class.php 第 19 行.
INFO: [ app_end ] --START--
INFO: Run Behavior\ShowPageTraceBehavior [ RunTime:0.001000s ]
INFO: [ app_end ] --END-- [ RunTime:0.001000s ]

[ 2015-11-08T15:48:31+08:00 ] 127.0.0.1 /community/index.php?m=&c=PublicMap&a=getPoint
INFO: [ app_begin ] --START--
INFO: Run Behavior\ReadHtmlCacheBehavior [ RunTime:0.001000s ]
INFO: [ app_begin ] --END-- [ RunTime:0.001000s ]
SQL: SELECT * FROM `publicmap` WHERE ( id=9 )  [ RunTime:0.0010s ]
NOTIC: [8] Use of undefined constant id - assumed 'id' C:\wamp\www\community\Application\Home\Controller\PublicMapController.class.php 第 19 行.
NOTIC: [8] Array to string conversion C:\wamp\www\community\Application\Home\Controller\PublicMapController.class.php 第 19 行.
INFO: [ app_end ] --START--
INFO: Run Behavior\ShowPageTraceBehavior [ RunTime:0.001000s ]
INFO: [ app_end ] --END-- [ RunTime:0.002000s ]

[ 2015-11-08T15:48:54+08:00 ] 127.0.0.1 /community/index.php?m=&c=PublicMap&a=getPoint
INFO: [ app_begin ] --START--
INFO: Run Behavior\ReadHtmlCacheBehavior [ RunTime:0.001000s ]
INFO: [ app_begin ] --END-- [ RunTime:0.003000s ]
SQL: SELECT * FROM `publicmap` WHERE ( id=9 )  [ RunTime:0.0000s ]
NOTIC: [8] Use of undefined constant id - assumed 'id' C:\wamp\www\community\Application\Home\Controller\PublicMapController.class.php 第 19 行.
NOTIC: [8] Undefined index: id C:\wamp\www\community\Application\Home\Controller\PublicMapController.class.php 第 19 行.
INFO: [ app_end ] --START--
INFO: Run Behavior\ShowPageTraceBehavior [ RunTime:0.001000s ]
INFO: [ app_end ] --END-- [ RunTime:0.002000s ]

[ 2015-11-08T15:49:19+08:00 ] 127.0.0.1 /community/index.php?m=&c=PublicMap&a=getPoint
INFO: [ app_begin ] --START--
INFO: Run Behavior\ReadHtmlCacheBehavior [ RunTime:0.001000s ]
INFO: [ app_begin ] --END-- [ RunTime:0.003000s ]
SQL: SELECT * FROM `publicmap`  [ RunTime:0.0000s ]
NOTIC: [8] Use of undefined constant id - assumed 'id' C:\wamp\www\community\Application\Home\Controller\PublicMapController.class.php 第 19 行.
NOTIC: [8] Undefined index: id C:\wamp\www\community\Application\Home\Controller\PublicMapController.class.php 第 19 行.
INFO: [ app_end ] --START--
INFO: Run Behavior\ShowPageTraceBehavior [ RunTime:0.001000s ]
INFO: [ app_end ] --END-- [ RunTime:0.002000s ]

[ 2015-11-08T15:50:03+08:00 ] 127.0.0.1 /community/index.php?m=&c=PublicMap&a=getPoint
INFO: [ app_begin ] --START--
INFO: Run Behavior\ReadHtmlCacheBehavior [ RunTime:0.001000s ]
INFO: [ app_begin ] --END-- [ RunTime:0.001000s ]
SQL: SELECT * FROM `publicmap`  [ RunTime:0.0010s ]
NOTIC: [8] Array to string conversion C:\wamp\www\community\Application\Home\Controller\PublicMapController.class.php 第 19 行.
INFO: [ app_end ] --START--
INFO: Run Behavior\ShowPageTraceBehavior [ RunTime:0.001000s ]
INFO: [ app_end ] --END-- [ RunTime:0.002000s ]

[ 2015-11-08T15:50:47+08:00 ] 127.0.0.1 /community/index.php?m=&c=PublicMap&a=getPoint
INFO: [ app_begin ] --START--
INFO: Run Behavior\ReadHtmlCacheBehavior [ RunTime:0.001000s ]
INFO: [ app_begin ] --END-- [ RunTime:0.002000s ]
ERR: SQLSTATE[42S22]: Column not found: 1054 Unknown column 'coodinate' in 'field list'

[ 2015-11-08T15:50:51+08:00 ] 127.0.0.1 /community/index.php?m=&c=PublicMap&a=getPoint
INFO: [ app_begin ] --START--
INFO: Run Behavior\ReadHtmlCacheBehavior [ RunTime:0.000000s ]
INFO: [ app_begin ] --END-- [ RunTime:0.001000s ]
ERR: SQLSTATE[42S22]: Column not found: 1054 Unknown column 'coodinate' in 'field list'

[ 2015-11-08T15:52:56+08:00 ] 127.0.0.1 /community/index.php?m=&c=PublicMap&a=getPoint
INFO: [ app_begin ] --START--
INFO: Run Behavior\ReadHtmlCacheBehavior [ RunTime:0.001000s ]
INFO: [ app_begin ] --END-- [ RunTime:0.002000s ]
ERR: SQLSTATE[42S22]: Column not found: 1054 Unknown column 'coodinate' in 'field list'

[ 2015-11-08T15:53:03+08:00 ] 127.0.0.1 /community/index.php?m=&c=PublicMap&a=getPoint
INFO: [ app_begin ] --START--
INFO: Run Behavior\ReadHtmlCacheBehavior [ RunTime:0.002000s ]
INFO: [ app_begin ] --END-- [ RunTime:0.003000s ]
ERR: SQLSTATE[42S22]: Column not found: 1054 Unknown column 'coodinate' in 'field list'

[ 2015-11-08T15:54:05+08:00 ] 127.0.0.1 /community/index.php?m=&c=PublicMap&a=getPoint
INFO: [ app_begin ] --START--
INFO: Run Behavior\ReadHtmlCacheBehavior [ RunTime:0.001000s ]
INFO: [ app_begin ] --END-- [ RunTime:0.002000s ]
SQL: SELECT * FROM `publicmap`  [ RunTime:0.0000s ]
INFO: [ app_end ] --START--
INFO: Run Behavior\ShowPageTraceBehavior [ RunTime:0.001000s ]
INFO: [ app_end ] --END-- [ RunTime:0.002000s ]

[ 2015-11-08T15:55:59+08:00 ] 127.0.0.1 /community/index.php?m=&c=PublicMap&a=getPoint
INFO: [ app_begin ] --START--
INFO: Run Behavior\ReadHtmlCacheBehavior [ RunTime:0.001000s ]
INFO: [ app_begin ] --END-- [ RunTime:0.002000s ]
SQL: SELECT `id` FROM `publicmap`  [ RunTime:0.0010s ]
INFO: [ app_end ] --START--
INFO: Run Behavior\ShowPageTraceBehavior [ RunTime:0.004000s ]
INFO: [ app_end ] --END-- [ RunTime:0.004000s ]

[ 2015-11-08T15:56:21+08:00 ] 127.0.0.1 /community/index.php?m=&c=PublicMap&a=getPoint
INFO: [ app_begin ] --START--
INFO: Run Behavior\ReadHtmlCacheBehavior [ RunTime:0.001000s ]
INFO: [ app_begin ] --END-- [ RunTime:0.003000s ]
SQL: SELECT `id` FROM `publicmap`  [ RunTime:0.0010s ]
NOTIC: [8] Array to string conversion C:\wamp\www\community\Application\Home\Controller\PublicMapController.class.php 第 16 行.
INFO: [ app_end ] --START--
INFO: Run Behavior\ShowPageTraceBehavior [ RunTime:0.001000s ]
INFO: [ app_end ] --END-- [ RunTime:0.002000s ]

[ 2015-11-08T15:58:46+08:00 ] 127.0.0.1 /community/index.php?m=&c=PublicMap&a=getPoint
INFO: [ app_begin ] --START--
INFO: Run Behavior\ReadHtmlCacheBehavior [ RunTime:0.001000s ]
INFO: [ app_begin ] --END-- [ RunTime:0.002000s ]
SQL: SELECT `id` FROM `publicmap`  [ RunTime:0.0010s ]
NOTIC: [8] Array to string conversion C:\wamp\www\community\Application\Home\Controller\PublicMapController.class.php 第 16 行.
INFO: [ app_end ] --START--
INFO: Run Behavior\ShowPageTraceBehavior [ RunTime:0.001000s ]
INFO: [ app_end ] --END-- [ RunTime:0.002000s ]

[ 2015-11-08T15:59:12+08:00 ] 127.0.0.1 /community/index.php?m=&c=PublicMap&a=getPoint
INFO: [ app_begin ] --START--
INFO: Run Behavior\ReadHtmlCacheBehavior [ RunTime:0.000000s ]
INFO: [ app_begin ] --END-- [ RunTime:0.002000s ]
SQL: SELECT `id` FROM `publicmap`  [ RunTime:0.0000s ]
NOTIC: [8] Array to string conversion C:\wamp\www\community\Application\Home\Controller\PublicMapController.class.php 第 16 行.
INFO: [ app_end ] --START--
INFO: Run Behavior\ShowPageTraceBehavior [ RunTime:0.002001s ]
INFO: [ app_end ] --END-- [ RunTime:0.002001s ]

[ 2015-11-08T15:59:53+08:00 ] 127.0.0.1 /community/index.php?m=&c=PublicMap&a=getPoint
INFO: [ app_begin ] --START--
INFO: Run Behavior\ReadHtmlCacheBehavior [ RunTime:0.001000s ]
INFO: [ app_begin ] --END-- [ RunTime:0.002000s ]
SQL: SELECT `id` FROM `publicmap`  [ RunTime:0.0000s ]
NOTIC: [8] Array to string conversion C:\wamp\www\community\Application\Home\Controller\PublicMapController.class.php 第 16 行.
INFO: [ app_end ] --START--
INFO: Run Behavior\ShowPageTraceBehavior [ RunTime:0.000000s ]
INFO: [ app_end ] --END-- [ RunTime:0.001000s ]

[ 2015-11-08T16:00:05+08:00 ] 127.0.0.1 /community/index.php?m=&c=PublicMap&a=getPoint
INFO: [ app_begin ] --START--
INFO: Run Behavior\ReadHtmlCacheBehavior [ RunTime:0.001000s ]
INFO: [ app_begin ] --END-- [ RunTime:0.002000s ]
SQL: SELECT `id` FROM `publicmap`  [ RunTime:0.0000s ]
NOTIC: [8] Array to string conversion C:\wamp\www\community\Application\Home\Controller\PublicMapController.class.php 第 16 行.
INFO: [ app_end ] --START--
INFO: Run Behavior\ShowPageTraceBehavior [ RunTime:0.001000s ]
INFO: [ app_end ] --END-- [ RunTime:0.001000s ]

[ 2015-11-08T16:18:43+08:00 ] 127.0.0.1 /community/index.php?m=&c=PublicMap&a=getPoint
INFO: [ app_begin ] --START--
INFO: Run Behavior\ReadHtmlCacheBehavior [ RunTime:0.002000s ]
INFO: [ app_begin ] --END-- [ RunTime:0.003000s ]
ERR: SQLSTATE[42S22]: Column not found: 1054 Unknown column 'coodinate' in 'field list'

[ 2015-11-08T16:19:04+08:00 ] 127.0.0.1 /community/index.php?m=&c=PublicMap&a=getPoint
INFO: [ app_begin ] --START--
INFO: Run Behavior\ReadHtmlCacheBehavior [ RunTime:0.001000s ]
INFO: [ app_begin ] --END-- [ RunTime:0.002000s ]
ERR: SQLSTATE[42S22]: Column not found: 1054 Unknown column 'coodinate' in 'field list'

[ 2015-11-08T16:19:07+08:00 ] 127.0.0.1 /community/index.php?m=&c=PublicMap&a=getPoint
INFO: [ app_begin ] --START--
INFO: Run Behavior\ReadHtmlCacheBehavior [ RunTime:0.001000s ]
INFO: [ app_begin ] --END-- [ RunTime:0.002000s ]
ERR: SQLSTATE[42S22]: Column not found: 1054 Unknown column 'coodinate' in 'field list'

[ 2015-11-08T16:19:45+08:00 ] 127.0.0.1 /community/index.php?m=&c=PublicMap&a=getPoint
INFO: [ app_begin ] --START--
INFO: Run Behavior\ReadHtmlCacheBehavior [ RunTime:0.001000s ]
INFO: [ app_begin ] --END-- [ RunTime:0.002000s ]
ERR: SQLSTATE[42S22]: Column not found: 1054 Unknown column 'coodinate' in 'field list'

[ 2015-11-08T16:22:35+08:00 ] 127.0.0.1 /community/index.php?m=&c=PublicMap&a=getPoint
INFO: [ app_begin ] --START--
INFO: Run Behavior\ReadHtmlCacheBehavior [ RunTime:0.002000s ]
INFO: [ app_begin ] --END-- [ RunTime:0.002000s ]
ERR: SQLSTATE[42S22]: Column not found: 1054 Unknown column 'coodinate' in 'field list'

[ 2015-11-08T16:22:52+08:00 ] 127.0.0.1 /community/index.php?m=&c=PublicMap&a=getPoint
INFO: [ app_begin ] --START--
INFO: Run Behavior\ReadHtmlCacheBehavior [ RunTime:0.002000s ]
INFO: [ app_begin ] --END-- [ RunTime:0.002000s ]
ERR: SQLSTATE[42S22]: Column not found: 1054 Unknown column 'coodinate' in 'field list'

[ 2015-11-08T16:23:28+08:00 ] 127.0.0.1 /community/index.php?m=&c=PublicMap&a=getPoint
INFO: [ app_begin ] --START--
INFO: Run Behavior\ReadHtmlCacheBehavior [ RunTime:0.001000s ]
INFO: [ app_begin ] --END-- [ RunTime:0.001000s ]
ERR: SQLSTATE[42S22]: Column not found: 1054 Unknown column 'coodinate' in 'field list'

[ 2015-11-08T16:24:08+08:00 ] 127.0.0.1 /community/index.php?m=&c=PublicMap&a=getPoint
INFO: [ app_begin ] --START--
INFO: Run Behavior\ReadHtmlCacheBehavior [ RunTime:0.001000s ]
INFO: [ app_begin ] --END-- [ RunTime:0.002000s ]

[ 2015-11-08T16:24:51+08:00 ] 127.0.0.1 /community/index.php?m=&c=PublicMap&a=getPoint
INFO: [ app_begin ] --START--
INFO: Run Behavior\ReadHtmlCacheBehavior [ RunTime:0.002000s ]
INFO: [ app_begin ] --END-- [ RunTime:0.003000s ]

[ 2015-11-08T16:48:29+08:00 ] 127.0.0.1 /community/index.php?m=&c=PublicMap&a=getPoint
INFO: [ app_begin ] --START--
INFO: Run Behavior\ReadHtmlCacheBehavior [ RunTime:0.002000s ]
INFO: [ app_begin ] --END-- [ RunTime:0.002000s ]
ERR: SQLSTATE[42S22]: Column not found: 1054 Unknown column 'coodinate' in 'field list'

[ 2015-11-08T16:48:39+08:00 ] 127.0.0.1 /community/index.php?m=&c=PublicMap&a=getPoint
INFO: [ app_begin ] --START--
INFO: Run Behavior\ReadHtmlCacheBehavior [ RunTime:0.002000s ]
INFO: [ app_begin ] --END-- [ RunTime:0.002000s ]
ERR: SQLSTATE[42S22]: Column not found: 1054 Unknown column 'coodinate' in 'field list'

[ 2015-11-08T16:49:05+08:00 ] 127.0.0.1 /community/index.php?m=&c=PublicMap&a=getPoint
INFO: [ app_begin ] --START--
INFO: Run Behavior\ReadHtmlCacheBehavior [ RunTime:0.001000s ]
INFO: [ app_begin ] --END-- [ RunTime:0.003001s ]
ERR: SQLSTATE[42S22]: Column not found: 1054 Unknown column 'coodinate' in 'field list'

[ 2015-11-08T16:49:16+08:00 ] 127.0.0.1 /community/index.php?m=&c=PublicMap&a=getPoint
INFO: [ app_begin ] --START--
INFO: Run Behavior\ReadHtmlCacheBehavior [ RunTime:0.001000s ]
INFO: [ app_begin ] --END-- [ RunTime:0.002000s ]
ERR: SQLSTATE[42S22]: Column not found: 1054 Unknown column 'coodinate' in 'field list'

[ 2015-11-08T16:49:37+08:00 ] 127.0.0.1 /community/index.php?m=&c=PublicMap&a=getPoint
INFO: [ app_begin ] --START--
INFO: Run Behavior\ReadHtmlCacheBehavior [ RunTime:0.003000s ]
INFO: [ app_begin ] --END-- [ RunTime:0.004000s ]
NOTIC: [8] Undefined variable: list C:\wamp\www\community\Application\Home\Controller\PublicMapController.class.php 第 16 行.
INFO: [ app_end ] --START--
INFO: Run Behavior\ShowPageTraceBehavior [ RunTime:0.004000s ]
INFO: [ app_end ] --END-- [ RunTime:0.005000s ]

[ 2015-11-08T16:49:48+08:00 ] 127.0.0.1 /community/index.php?m=&c=PublicMap&a=getPoint
INFO: [ app_begin ] --START--
INFO: Run Behavior\ReadHtmlCacheBehavior [ RunTime:0.001000s ]
INFO: [ app_begin ] --END-- [ RunTime:0.002000s ]
ERR: SQLSTATE[42S22]: Column not found: 1054 Unknown column 'coodinate' in 'field list'

[ 2015-11-08T16:50:24+08:00 ] 127.0.0.1 /community/index.php?m=&c=PublicMap&a=getPoint
INFO: [ app_begin ] --START--
INFO: Run Behavior\ReadHtmlCacheBehavior [ RunTime:0.001000s ]
INFO: [ app_begin ] --END-- [ RunTime:0.004000s ]
SQL: SELECT * FROM `publicmap`  [ RunTime:0.0040s ]
INFO: [ app_end ] --START--
INFO: Run Behavior\ShowPageTraceBehavior [ RunTime:0.002000s ]
INFO: [ app_end ] --END-- [ RunTime:0.002000s ]

[ 2015-11-08T16:50:55+08:00 ] 127.0.0.1 /community/index.php?m=&c=PublicMap&a=getPoint
INFO: [ app_begin ] --START--
INFO: Run Behavior\ReadHtmlCacheBehavior [ RunTime:0.002000s ]
INFO: [ app_begin ] --END-- [ RunTime:0.002000s ]
SQL: SELECT * FROM `publicmap`  [ RunTime:0.0000s ]

[ 2015-11-08T16:51:38+08:00 ] 127.0.0.1 /community/index.php?m=&c=PublicMap&a=getPoint
INFO: [ app_begin ] --START--
INFO: Run Behavior\ReadHtmlCacheBehavior [ RunTime:0.001000s ]
INFO: [ app_begin ] --END-- [ RunTime:0.002000s ]
SQL: SELECT * FROM `publicmap`  [ RunTime:0.0010s ]

[ 2015-11-08T16:52:14+08:00 ] 127.0.0.1 /community/index.php?m=&c=PublicMap&a=getPoint
INFO: [ app_begin ] --START--
INFO: Run Behavior\ReadHtmlCacheBehavior [ RunTime:0.001000s ]
INFO: [ app_begin ] --END-- [ RunTime:0.002000s ]
SQL: SELECT * FROM `publicmap`  [ RunTime:0.0010s ]

[ 2015-11-08T16:52:45+08:00 ] 127.0.0.1 /community/index.php?m=&c=PublicMap&a=getPoint
INFO: [ app_begin ] --START--
INFO: Run Behavior\ReadHtmlCacheBehavior [ RunTime:0.001001s ]
INFO: [ app_begin ] --END-- [ RunTime:0.002001s ]
SQL: SELECT * FROM `publicmap`  [ RunTime:0.0000s ]

[ 2015-11-08T16:53:50+08:00 ] 127.0.0.1 /community/index.php?m=&c=PublicMap&a=getPoint
INFO: [ app_begin ] --START--
INFO: Run Behavior\ReadHtmlCacheBehavior [ RunTime:0.001000s ]
INFO: [ app_begin ] --END-- [ RunTime:0.002000s ]
SQL: SELECT * FROM `publicmap`  [ RunTime:0.0010s ]

[ 2015-11-08T16:55:29+08:00 ] 127.0.0.1 /community/index.php?m=&c=PublicMap&a=getPoint
INFO: [ app_begin ] --START--
INFO: Run Behavior\ReadHtmlCacheBehavior [ RunTime:0.000000s ]
INFO: [ app_begin ] --END-- [ RunTime:0.002000s ]
SQL: SELECT * FROM `publicmap`  [ RunTime:0.0000s ]

[ 2015-11-08T16:56:02+08:00 ] 127.0.0.1 /community/index.php?m=&c=PublicMap&a=getPoint
INFO: [ app_begin ] --START--
INFO: Run Behavior\ReadHtmlCacheBehavior [ RunTime:0.002000s ]
INFO: [ app_begin ] --END-- [ RunTime:0.003000s ]
SQL: SELECT * FROM `publicmap`  [ RunTime:0.0000s ]

[ 2015-11-08T17:07:21+08:00 ] 127.0.0.1 /community/index.php?m=&c=PublicMap&a=getPoint
INFO: [ app_begin ] --START--
INFO: Run Behavior\ReadHtmlCacheBehavior [ RunTime:0.001000s ]
INFO: [ app_begin ] --END-- [ RunTime:0.002000s ]
SQL: SELECT * FROM `publicmap`  [ RunTime:0.0010s ]

[ 2015-11-08T17:08:42+08:00 ] 127.0.0.1 /community/index.php?m=&c=PublicMap&a=getPoint
INFO: [ app_begin ] --START--
INFO: Run Behavior\ReadHtmlCacheBehavior [ RunTime:0.001000s ]
INFO: [ app_begin ] --END-- [ RunTime:0.003000s ]
SQL: SELECT * FROM `publicmap`  [ RunTime:0.0010s ]

[ 2015-11-08T17:18:09+08:00 ] 127.0.0.1 /community/index.php?m=&c=PublicMap&a=getPoint
INFO: [ app_begin ] --START--
INFO: Run Behavior\ReadHtmlCacheBehavior [ RunTime:0.001000s ]
INFO: [ app_begin ] --END-- [ RunTime:0.003000s ]
SQL: SELECT * FROM `publicmap`  [ RunTime:0.0010s ]

[ 2015-11-08T17:18:21+08:00 ] 127.0.0.1 /community/index.php?m=&c=PublicMap&a=getPoint
INFO: [ app_begin ] --START--
INFO: Run Behavior\ReadHtmlCacheBehavior [ RunTime:0.001000s ]
INFO: [ app_begin ] --END-- [ RunTime:0.002000s ]
SQL: SELECT * FROM `publicmap`  [ RunTime:0.0010s ]

[ 2015-11-08T17:23:19+08:00 ] 127.0.0.1 /community/index.php?m=&c=PublicMap&a=getPoint
INFO: [ app_begin ] --START--
INFO: Run Behavior\ReadHtmlCacheBehavior [ RunTime:0.001000s ]
INFO: [ app_begin ] --END-- [ RunTime:0.002000s ]
SQL: SELECT * FROM `publicmap`  [ RunTime:0.0010s ]

[ 2015-11-08T17:23:26+08:00 ] 127.0.0.1 /community/index.php?m=&c=PublicMap&a=getPoint
INFO: [ app_begin ] --START--
INFO: Run Behavior\ReadHtmlCacheBehavior [ RunTime:0.001000s ]
INFO: [ app_begin ] --END-- [ RunTime:0.002000s ]
SQL: SELECT * FROM `publicmap`  [ RunTime:0.0000s ]

[ 2015-11-08T17:27:03+08:00 ] 127.0.0.1 /community/index.php?m=&c=PublicMap&a=getPoint
INFO: [ app_begin ] --START--
INFO: Run Behavior\ReadHtmlCacheBehavior [ RunTime:0.001000s ]
INFO: [ app_begin ] --END-- [ RunTime:0.002001s ]
SQL: SELECT * FROM `publicmap`  [ RunTime:0.0000s ]

[ 2015-11-08T17:28:00+08:00 ] 127.0.0.1 /community/index.php?m=&c=PublicMap&a=getPoint
INFO: [ app_begin ] --START--
INFO: Run Behavior\ReadHtmlCacheBehavior [ RunTime:0.001000s ]
INFO: [ app_begin ] --END-- [ RunTime:0.001000s ]
SQL: SELECT * FROM `publicmap`  [ RunTime:0.0000s ]

[ 2015-11-08T17:28:23+08:00 ] 127.0.0.1 /community/index.php?m=&c=PublicMap&a=getPoint
INFO: [ app_begin ] --START--
INFO: Run Behavior\ReadHtmlCacheBehavior [ RunTime:0.002000s ]
INFO: [ app_begin ] --END-- [ RunTime:0.004000s ]
SQL: SELECT * FROM `publicmap`  [ RunTime:0.0010s ]

[ 2015-11-08T19:26:57+08:00 ] 127.0.0.1 /community/index.php?m=&c=PublicMap&a=getPoint
INFO: [ app_begin ] --START--
INFO: Run Behavior\ReadHtmlCacheBehavior [ RunTime:0.002500s ]
INFO: [ app_begin ] --END-- [ RunTime:0.002500s ]
SQL: SELECT * FROM `publicmap`  [ RunTime:0.0000s ]

[ 2015-11-08T19:40:37+08:00 ] 127.0.0.1 /community/index.php?m=&c=PublicMap&a=getPoint
INFO: [ app_begin ] --START--
INFO: Run Behavior\ReadHtmlCacheBehavior [ RunTime:0.002500s ]
INFO: [ app_begin ] --END-- [ RunTime:0.002500s ]
SQL: SELECT * FROM `publicmap`  [ RunTime:0.0000s ]

[ 2015-11-08T19:48:56+08:00 ] 127.0.0.1 /community/index.php?m=&c=PublicMap&a=getPoint
INFO: [ app_begin ] --START--
INFO: Run Behavior\ReadHtmlCacheBehavior [ RunTime:0.000000s ]
INFO: [ app_begin ] --END-- [ RunTime:0.000000s ]
SQL: SELECT * FROM `publicmap`  [ RunTime:0.0000s ]

[ 2015-11-08T19:49:15+08:00 ] 127.0.0.1 /community/index.php?m=&c=PublicMap&a=getPoint
INFO: [ app_begin ] --START--
INFO: Run Behavior\ReadHtmlCacheBehavior [ RunTime:0.002500s ]
INFO: [ app_begin ] --END-- [ RunTime:0.002500s ]
SQL: SELECT * FROM `publicmap`  [ RunTime:0.0050s ]

[ 2015-11-08T19:49:48+08:00 ] 127.0.0.1 /community/index.php?m=&c=PublicMap&a=getPoint
INFO: [ app_begin ] --START--
INFO: Run Behavior\ReadHtmlCacheBehavior [ RunTime:0.000000s ]
INFO: [ app_begin ] --END-- [ RunTime:0.000000s ]
SQL: SELECT * FROM `publicmap`  [ RunTime:0.0000s ]

[ 2015-11-08T19:52:42+08:00 ] 127.0.0.1 /community/index.php?m=&c=PublicMap&a=getPoint
INFO: [ app_begin ] --START--
INFO: Run Behavior\ReadHtmlCacheBehavior [ RunTime:0.000000s ]
INFO: [ app_begin ] --END-- [ RunTime:0.007500s ]
SQL: SELECT * FROM `publicmap`  [ RunTime:0.0000s ]

[ 2015-11-08T19:54:05+08:00 ] 127.0.0.1 /community/index.php?m=&c=PublicMap&a=getPoint
INFO: [ app_begin ] --START--
INFO: Run Behavior\ReadHtmlCacheBehavior [ RunTime:0.000000s ]
INFO: [ app_begin ] --END-- [ RunTime:0.002500s ]
SQL: SELECT * FROM `publicmap`  [ RunTime:0.0000s ]

[ 2015-11-08T20:04:16+08:00 ] 127.0.0.1 /community/index.php?m=&c=PublicMap&a=getPoint
INFO: [ app_begin ] --START--
INFO: Run Behavior\ReadHtmlCacheBehavior [ RunTime:0.000000s ]
INFO: [ app_begin ] --END-- [ RunTime:0.002000s ]
SQL: SELECT * FROM `publicmap`  [ RunTime:0.0010s ]

[ 2015-11-08T20:04:56+08:00 ] 127.0.0.1 /community/index.php?m=&c=PublicMap&a=getPoint
INFO: [ app_begin ] --START--
INFO: Run Behavior\ReadHtmlCacheBehavior [ RunTime:0.001000s ]
INFO: [ app_begin ] --END-- [ RunTime:0.003000s ]
SQL: SELECT * FROM `publicmap`  [ RunTime:0.0010s ]

[ 2015-11-08T20:09:30+08:00 ] 127.0.0.1 /community/index.php?m=&c=PublicMap&a=getPoint
INFO: [ app_begin ] --START--
INFO: Run Behavior\ReadHtmlCacheBehavior [ RunTime:0.000000s ]
INFO: [ app_begin ] --END-- [ RunTime:0.002500s ]
SQL: SELECT * FROM `publicmap`  [ RunTime:0.0010s ]

[ 2015-11-08T20:10:11+08:00 ] 127.0.0.1 /community/index.php?m=&c=PublicMap&a=getPoint
INFO: [ app_begin ] --START--
INFO: Run Behavior\ReadHtmlCacheBehavior [ RunTime:0.001000s ]
INFO: [ app_begin ] --END-- [ RunTime:0.002000s ]
SQL: SELECT * FROM `publicmap`  [ RunTime:0.0010s ]

[ 2015-11-08T20:10:57+08:00 ] 127.0.0.1 /community/index.php?m=&c=PublicMap&a=getPoint
INFO: [ app_begin ] --START--
INFO: Run Behavior\ReadHtmlCacheBehavior [ RunTime:0.001000s ]
INFO: [ app_begin ] --END-- [ RunTime:0.003000s ]
SQL: SELECT * FROM `publicmap`  [ RunTime:0.0000s ]

[ 2015-11-08T20:14:30+08:00 ] 127.0.0.1 /community/index.php?m=&c=PublicMap&a=getPoint
INFO: [ app_begin ] --START--
INFO: Run Behavior\ReadHtmlCacheBehavior [ RunTime:0.001000s ]
INFO: [ app_begin ] --END-- [ RunTime:0.002000s ]
SQL: SELECT * FROM `publicmap`  [ RunTime:0.0010s ]

[ 2015-11-08T20:14:52+08:00 ] 127.0.0.1 /community/index.php?m=&c=PublicMap&a=getPoint
INFO: [ app_begin ] --START--
INFO: Run Behavior\ReadHtmlCacheBehavior [ RunTime:0.002500s ]
INFO: [ app_begin ] --END-- [ RunTime:0.002500s ]
SQL: SELECT * FROM `publicmap`  [ RunTime:0.0025s ]

[ 2015-11-08T20:15:16+08:00 ] 127.0.0.1 /community/index.php?m=&c=PublicMap&a=getPoint
INFO: [ app_begin ] --START--
INFO: Run Behavior\ReadHtmlCacheBehavior [ RunTime:0.000000s ]
INFO: [ app_begin ] --END-- [ RunTime:0.002500s ]
SQL: SELECT * FROM `publicmap`  [ RunTime:0.0025s ]

[ 2015-11-08T20:15:55+08:00 ] 127.0.0.1 /community/index.php?m=&c=PublicMap&a=getPoint
INFO: [ app_begin ] --START--
INFO: Run Behavior\ReadHtmlCacheBehavior [ RunTime:0.000000s ]
INFO: [ app_begin ] --END-- [ RunTime:0.000000s ]
SQL: SELECT * FROM `publicmap`  [ RunTime:0.0025s ]

[ 2015-11-08T20:16:27+08:00 ] 127.0.0.1 /community/index.php?m=&c=PublicMap&a=getPoint
INFO: [ app_begin ] --START--
INFO: Run Behavior\ReadHtmlCacheBehavior [ RunTime:0.000000s ]
INFO: [ app_begin ] --END-- [ RunTime:0.000000s ]
SQL: SELECT * FROM `publicmap`  [ RunTime:0.0025s ]

[ 2015-11-08T20:17:07+08:00 ] 127.0.0.1 /community/index.php?m=&c=PublicMap&a=getPoint
INFO: [ app_begin ] --START--
INFO: Run Behavior\ReadHtmlCacheBehavior [ RunTime:0.001000s ]
INFO: [ app_begin ] --END-- [ RunTime:0.002000s ]
SQL: SELECT * FROM `publicmap`  [ RunTime:0.0010s ]

[ 2015-11-08T20:20:27+08:00 ] 127.0.0.1 /community/index.php?m=&c=PublicMap&a=getPoint
INFO: [ app_begin ] --START--
INFO: Run Behavior\ReadHtmlCacheBehavior [ RunTime:0.000000s ]
INFO: [ app_begin ] --END-- [ RunTime:0.000000s ]
SQL: SELECT * FROM `publicmap`  [ RunTime:0.0000s ]

[ 2015-11-08T20:21:56+08:00 ] 127.0.0.1 /community/index.php?m=&c=PublicMap&a=getPoint
INFO: [ app_begin ] --START--
INFO: Run Behavior\ReadHtmlCacheBehavior [ RunTime:0.000000s ]
INFO: [ app_begin ] --END-- [ RunTime:0.005000s ]
SQL: SELECT * FROM `publicmap`  [ RunTime:0.0000s ]

[ 2015-11-08T20:22:52+08:00 ] 127.0.0.1 /community/index.php?m=&c=PublicMap&a=getPoint
INFO: [ app_begin ] --START--
INFO: Run Behavior\ReadHtmlCacheBehavior [ RunTime:0.001000s ]
INFO: [ app_begin ] --END-- [ RunTime:0.002001s ]
SQL: SELECT * FROM `publicmap`  [ RunTime:0.0000s ]

