[ 2015-12-12T20:24:59+08:00 ] 127.0.0.1 /community/index.php?m=&c=PublicMap&a=getPoint
INFO: [ app_begin ] --START--
INFO: Run Behavior\ReadHtmlCacheBehavior [ RunTime:0.002000s ]
INFO: [ app_begin ] --END-- [ RunTime:0.003000s ]
SQL: SELECT * FROM `publicmap`  [ RunTime:0.0010s ]

[ 2015-12-12T22:55:00+08:00 ] 222.66.175.155 /index.php?m=&c=PublicMap&a=getPoint
INFO: [ app_begin ] --START--
INFO: Run Behavior\ReadHtmlCacheBehavior [ RunTime:0.000774s ]
INFO: [ app_begin ] --END-- [ RunTime:0.001455s ]
SQL: SELECT * FROM `publicmap`  [ RunTime:0.0006s ]

[ 2015-12-12T23:11:28+08:00 ] 222.66.175.155 /index.php?m=&c=PublicMap&a=getPoint
INFO: [ app_begin ] --START--
INFO: Run Behavior\ReadHtmlCacheBehavior [ RunTime:0.000763s ]
INFO: [ app_begin ] --END-- [ RunTime:0.001353s ]
SQL: SELECT * FROM `publicmap`  [ RunTime:0.0005s ]

[ 2015-12-12T23:44:14+08:00 ] 222.66.175.155 /index.php?m=&c=PublicMap&a=getPoint
INFO: [ app_begin ] --START--
INFO: Run Behavior\ReadHtmlCacheBehavior [ RunTime:0.001066s ]
INFO: [ app_begin ] --END-- [ RunTime:0.001779s ]
SQL: SELECT * FROM `publicmap`  [ RunTime:0.0007s ]

